2026-06-29 11:37:00,403 INFO Generated default audio alarm chime at: C:\Users\acer\Desktop\Safety_Hygiene_Monitoring_System\static\audio\alarm.wav
2026-06-29 11:37:00,405 INFO Generating synthetic dataset inside: C:\Users\acer\Desktop\Safety_Hygiene_Monitoring_System\dataset\combined_dataset
2026-06-29 11:37:00,547 INFO Generated YAML configuration at C:\Users\acer\Desktop\Safety_Hygiene_Monitoring_System\dataset\combined_dataset\data.yaml
2026-06-29 11:37:00,547 INFO Synthetic dataset creation finished.
2026-06-29 11:42:12,771 INFO Custom model not found or invalid. Attempting to load pretrained COCO 'yolo11n.pt' model...
2026-06-29 11:42:14,546 INFO Loaded pretrained COCO yolo11n.pt. Running in coco_fallback mode.
2026-06-29 11:42:26,180 INFO Custom model not found or invalid. Attempting to load pretrained COCO 'yolo11n.pt' model...
2026-06-29 11:42:26,436 INFO Loaded pretrained COCO yolo11n.pt. Running in coco_fallback mode.
2026-06-29 11:43:09,337 INFO Started Simulated Camera Stream.
2026-06-29 11:45:40,849 INFO Successfully opened camera stream: 0
2026-06-29 11:47:45,876 INFO PDF report successfully created at: C:\Users\acer\Desktop\Safety_Hygiene_Monitoring_System\reports\safety_report_20260622_to_20260629.pdf
2026-06-29 11:54:45,713 INFO Custom model not found or invalid. Attempting to load pretrained COCO 'yolo11n.pt' model...
2026-06-29 11:54:45,849 INFO Loaded pretrained COCO yolo11n.pt. Running in coco_fallback mode.
2026-06-29 11:56:27,496 INFO Custom model not found or invalid. Attempting to load pretrained COCO 'yolo11n.pt' model...
2026-06-29 11:56:27,654 INFO Loaded pretrained COCO yolo11n.pt. Running in coco_fallback mode.
2026-06-29 11:56:36,641 INFO Custom model not found or invalid. Attempting to load pretrained COCO 'yolo11n.pt' model...
2026-06-29 11:56:36,785 INFO Loaded pretrained COCO yolo11n.pt. Running in coco_fallback mode.
2026-06-29 11:56:54,312 INFO Custom model not found or invalid. Attempting to load pretrained COCO 'yolo11n.pt' model...
2026-06-29 11:56:54,595 INFO Loaded pretrained COCO yolo11n.pt. Running in coco_fallback mode.
2026-06-29 11:56:55,878 INFO Successfully opened camera stream: 0
2026-06-29 11:57:05,522 INFO Custom model not found or invalid. Attempting to load pretrained COCO 'yolo11n.pt' model...
2026-06-29 11:57:05,654 INFO Loaded pretrained COCO yolo11n.pt. Running in coco_fallback mode.
2026-06-29 12:20:57,574 INFO Custom model not found or invalid. Attempting to load pretrained COCO 'yolo11n.pt' model...
2026-06-29 12:20:57,744 INFO Loaded pretrained COCO yolo11n.pt. Running in coco_fallback mode.
2026-06-29 12:21:47,790 INFO Custom model not found or invalid. Attempting to load pretrained COCO 'yolo11n.pt' model...
2026-06-29 12:21:47,908 INFO Loaded pretrained COCO yolo11n.pt. Running in coco_fallback mode.
2026-06-29 12:21:58,352 INFO Custom model not found or invalid. Attempting to load pretrained COCO 'yolo11n.pt' model...
2026-06-29 12:21:58,497 INFO Loaded pretrained COCO yolo11n.pt. Running in coco_fallback mode.
2026-06-29 12:22:19,199 INFO Successfully opened camera stream: 0
